mktextfm phvr8t
mktextfm phvr8t
mktextfm phvr8t
mktextfm phvr8t
mktextfm phvr8t
mktextfm phvb8t
mktextfm nullfont
mktextfm phvb7tn
mktextfm phvr8t
mktextfm phvb8t
mktextfm nullfont
mktextfm phvb7tn
mktextfm phvb8t
mktextfm nullfont
mktextfm phvb7tn
mktextfm zptmcm7t
mktextfm zptmcm7t
mktextfm zptmcm7t
mktextfm zptmcm7m
mktextfm zptmcm7m
mktextfm zptmcm7m
mktextfm zptmcm7y
mktextfm zptmcm7y
mktextfm zptmcm7y
mktextfm zptmcm7v
mktextfm zptmcm7v
mktextfm zptmcm7v
mktextfm ptmb7t
mktextfm nullfont
mktextfm ptmb7t
mktextfm nullfont
mktextfm ptmb7t
mktextfm nullfont
mktextfm ptmri7t
mktextfm ptmri7t
mktextfm ptmri7t
mktextfm pcrr8t
mktextfm pcrr8t
mktextfm phvb8t
mktextfm nullfont
mktextfm phvb8t
mktextfm nullfont
mktextfm phvb8t
mktextfm nullfont
mktextfm phvb7tn
mktextfm phvr8c
mktextfm phvb7tn
mktextfm phvro8t
mktextfm nullfont
mktextfm zptmcm7t
mktextfm zptmcm7t
mktextfm zptmcm7t
mktextfm zptmcm7m
mktextfm zptmcm7m
mktextfm zptmcm7m
mktextfm zptmcm7y
mktextfm zptmcm7y
mktextfm zptmcm7y
mktextfm zptmcm7v
mktextfm zptmcm7v
mktextfm zptmcm7v
mktextfm ptmb7t
mktextfm nullfont
mktextfm ptmb7t
mktextfm nullfont
mktextfm ptmb7t
mktextfm nullfont
mktextfm ptmri7t
mktextfm ptmri7t
mktextfm ptmri7t
mktextfm phvr8t
mktextfm pcrr8t
mktextfm phvbo7tn
mktextfm nullfont
