\BOOKMARK [0][-]{chapter.1}{\376\377\000C\000V\000e\000c\000t\000o\000r\000\040\000n\000o\000t\000e\000s}{}
\BOOKMARK [1][-]{section.1.1}{\376\377\000I\000n\000t\000r\000o}{chapter.1}
\BOOKMARK [1][-]{section.1.2}{\376\377\000B\000u\000i\000l\000d\000i\000n\000g}{chapter.1}
\BOOKMARK [1][-]{section.1.3}{\376\377\000U\000s\000a\000g\000e}{chapter.1}
\BOOKMARK [1][-]{section.1.4}{\376\377\000L\000I\000C\000E\000N\000S\000E}{chapter.1}
\BOOKMARK [0][-]{chapter.2}{\376\377\000T\000o\000d\000o\000\040\000L\000i\000s\000t}{}
\BOOKMARK [0][-]{chapter.3}{\376\377\000D\000a\000t\000a\000\040\000S\000t\000r\000u\000c\000t\000u\000r\000e\000\040\000I\000n\000d\000e\000x}{}
\BOOKMARK [1][-]{section.3.1}{\376\377\000D\000a\000t\000a\000\040\000S\000t\000r\000u\000c\000t\000u\000r\000e\000s}{chapter.3}
\BOOKMARK [0][-]{chapter.4}{\376\377\000F\000i\000l\000e\000\040\000I\000n\000d\000e\000x}{}
\BOOKMARK [1][-]{section.4.1}{\376\377\000F\000i\000l\000e\000\040\000L\000i\000s\000t}{chapter.4}
\BOOKMARK [0][-]{chapter.5}{\376\377\000D\000a\000t\000a\000\040\000S\000t\000r\000u\000c\000t\000u\000r\000e\000\040\000D\000o\000c\000u\000m\000e\000n\000t\000a\000t\000i\000o\000n}{}
\BOOKMARK [1][-]{section.5.1}{\376\377\000f\000\137\000s\000t\000r\000u\000c\000t\000\040\000S\000t\000r\000u\000c\000t\000\040\000R\000e\000f\000e\000r\000e\000n\000c\000e}{chapter.5}
\BOOKMARK [2][-]{subsection.5.1.1}{\376\377\000D\000e\000t\000a\000i\000l\000e\000d\000\040\000D\000e\000s\000c\000r\000i\000p\000t\000i\000o\000n}{section.5.1}
\BOOKMARK [2][-]{subsection.5.1.2}{\376\377\000F\000i\000e\000l\000d\000\040\000D\000o\000c\000u\000m\000e\000n\000t\000a\000t\000i\000o\000n}{section.5.1}
\BOOKMARK [3][-]{subsubsection.5.1.2.1}{\376\377\000d}{subsection.5.1.2}
\BOOKMARK [3][-]{subsubsection.5.1.2.2}{\376\377\000i}{subsection.5.1.2}
\BOOKMARK [3][-]{subsubsection.5.1.2.3}{\376\377\000w\000o\000r\000d}{subsection.5.1.2}
\BOOKMARK [1][-]{section.5.2}{\376\377\000t\000\137\000s\000t\000r\000u\000c\000t\000\040\000S\000t\000r\000u\000c\000t\000\040\000R\000e\000f\000e\000r\000e\000n\000c\000e}{chapter.5}
\BOOKMARK [2][-]{subsection.5.2.1}{\376\377\000D\000e\000t\000a\000i\000l\000e\000d\000\040\000D\000e\000s\000c\000r\000i\000p\000t\000i\000o\000n}{section.5.2}
\BOOKMARK [2][-]{subsection.5.2.2}{\376\377\000F\000i\000e\000l\000d\000\040\000D\000o\000c\000u\000m\000e\000n\000t\000a\000t\000i\000o\000n}{section.5.2}
\BOOKMARK [3][-]{subsubsection.5.2.2.1}{\376\377\000d}{subsection.5.2.2}
\BOOKMARK [3][-]{subsubsection.5.2.2.2}{\376\377\000i}{subsection.5.2.2}
\BOOKMARK [3][-]{subsubsection.5.2.2.3}{\376\377\000w\000o\000r\000d}{subsection.5.2.2}
\BOOKMARK [1][-]{section.5.3}{\376\377\000v\000e\000c\000t\000o\000r\000\137\000d\000\040\000S\000t\000r\000u\000c\000t\000\040\000R\000e\000f\000e\000r\000e\000n\000c\000e}{chapter.5}
\BOOKMARK [2][-]{subsection.5.3.1}{\376\377\000D\000e\000t\000a\000i\000l\000e\000d\000\040\000D\000e\000s\000c\000r\000i\000p\000t\000i\000o\000n}{section.5.3}
\BOOKMARK [2][-]{subsection.5.3.2}{\376\377\000F\000i\000e\000l\000d\000\040\000D\000o\000c\000u\000m\000e\000n\000t\000a\000t\000i\000o\000n}{section.5.3}
\BOOKMARK [3][-]{subsubsection.5.3.2.1}{\376\377\000a}{subsection.5.3.2}
\BOOKMARK [3][-]{subsubsection.5.3.2.2}{\376\377\000c\000a\000p\000a\000c\000i\000t\000y}{subsection.5.3.2}
\BOOKMARK [3][-]{subsubsection.5.3.2.3}{\376\377\000s\000i\000z\000e}{subsection.5.3.2}
\BOOKMARK [1][-]{section.5.4}{\376\377\000v\000e\000c\000t\000o\000r\000\137\000i\000\040\000S\000t\000r\000u\000c\000t\000\040\000R\000e\000f\000e\000r\000e\000n\000c\000e}{chapter.5}
\BOOKMARK [2][-]{subsection.5.4.1}{\376\377\000D\000e\000t\000a\000i\000l\000e\000d\000\040\000D\000e\000s\000c\000r\000i\000p\000t\000i\000o\000n}{section.5.4}
\BOOKMARK [2][-]{subsection.5.4.2}{\376\377\000F\000i\000e\000l\000d\000\040\000D\000o\000c\000u\000m\000e\000n\000t\000a\000t\000i\000o\000n}{section.5.4}
\BOOKMARK [3][-]{subsubsection.5.4.2.1}{\376\377\000a}{subsection.5.4.2}
\BOOKMARK [3][-]{subsubsection.5.4.2.2}{\376\377\000c\000a\000p\000a\000c\000i\000t\000y}{subsection.5.4.2}
\BOOKMARK [3][-]{subsubsection.5.4.2.3}{\376\377\000s\000i\000z\000e}{subsection.5.4.2}
\BOOKMARK [1][-]{section.5.5}{\376\377\000v\000e\000c\000t\000o\000r\000\137\000s\000h\000o\000r\000t\000\040\000S\000t\000r\000u\000c\000t\000\040\000R\000e\000f\000e\000r\000e\000n\000c\000e}{chapter.5}
\BOOKMARK [2][-]{subsection.5.5.1}{\376\377\000D\000e\000t\000a\000i\000l\000e\000d\000\040\000D\000e\000s\000c\000r\000i\000p\000t\000i\000o\000n}{section.5.5}
\BOOKMARK [2][-]{subsection.5.5.2}{\376\377\000F\000i\000e\000l\000d\000\040\000D\000o\000c\000u\000m\000e\000n\000t\000a\000t\000i\000o\000n}{section.5.5}
\BOOKMARK [3][-]{subsubsection.5.5.2.1}{\376\377\000a}{subsection.5.5.2}
\BOOKMARK [3][-]{subsubsection.5.5.2.2}{\376\377\000c\000a\000p\000a\000c\000i\000t\000y}{subsection.5.5.2}
\BOOKMARK [3][-]{subsubsection.5.5.2.3}{\376\377\000s\000i\000z\000e}{subsection.5.5.2}
\BOOKMARK [1][-]{section.5.6}{\376\377\000v\000e\000c\000t\000o\000r\000\137\000s\000t\000r\000\040\000S\000t\000r\000u\000c\000t\000\040\000R\000e\000f\000e\000r\000e\000n\000c\000e}{chapter.5}
\BOOKMARK [2][-]{subsection.5.6.1}{\376\377\000D\000e\000t\000a\000i\000l\000e\000d\000\040\000D\000e\000s\000c\000r\000i\000p\000t\000i\000o\000n}{section.5.6}
\BOOKMARK [2][-]{subsection.5.6.2}{\376\377\000F\000i\000e\000l\000d\000\040\000D\000o\000c\000u\000m\000e\000n\000t\000a\000t\000i\000o\000n}{section.5.6}
\BOOKMARK [3][-]{subsubsection.5.6.2.1}{\376\377\000a}{subsection.5.6.2}
\BOOKMARK [3][-]{subsubsection.5.6.2.2}{\376\377\000c\000a\000p\000a\000c\000i\000t\000y}{subsection.5.6.2}
\BOOKMARK [3][-]{subsubsection.5.6.2.3}{\376\377\000s\000i\000z\000e}{subsection.5.6.2}
\BOOKMARK [1][-]{section.5.7}{\376\377\000v\000e\000c\000t\000o\000r\000\137\000T\000Y\000P\000E\000\040\000S\000t\000r\000u\000c\000t\000\040\000R\000e\000f\000e\000r\000e\000n\000c\000e}{chapter.5}
\BOOKMARK [2][-]{subsection.5.7.1}{\376\377\000D\000e\000t\000a\000i\000l\000e\000d\000\040\000D\000e\000s\000c\000r\000i\000p\000t\000i\000o\000n}{section.5.7}
\BOOKMARK [2][-]{subsection.5.7.2}{\376\377\000F\000i\000e\000l\000d\000\040\000D\000o\000c\000u\000m\000e\000n\000t\000a\000t\000i\000o\000n}{section.5.7}
\BOOKMARK [3][-]{subsubsection.5.7.2.1}{\376\377\000a}{subsection.5.7.2}
\BOOKMARK [3][-]{subsubsection.5.7.2.2}{\376\377\000c\000a\000p\000a\000c\000i\000t\000y}{subsection.5.7.2}
\BOOKMARK [3][-]{subsubsection.5.7.2.3}{\376\377\000s\000i\000z\000e}{subsection.5.7.2}
\BOOKMARK [1][-]{section.5.8}{\376\377\000v\000e\000c\000t\000o\000r\000\137\000v\000o\000i\000d\000\040\000S\000t\000r\000u\000c\000t\000\040\000R\000e\000f\000e\000r\000e\000n\000c\000e}{chapter.5}
\BOOKMARK [2][-]{subsection.5.8.1}{\376\377\000D\000e\000t\000a\000i\000l\000e\000d\000\040\000D\000e\000s\000c\000r\000i\000p\000t\000i\000o\000n}{section.5.8}
\BOOKMARK [2][-]{subsection.5.8.2}{\376\377\000F\000i\000e\000l\000d\000\040\000D\000o\000c\000u\000m\000e\000n\000t\000a\000t\000i\000o\000n}{section.5.8}
\BOOKMARK [3][-]{subsubsection.5.8.2.1}{\376\377\000a}{subsection.5.8.2}
\BOOKMARK [3][-]{subsubsection.5.8.2.2}{\376\377\000c\000a\000p\000a\000c\000i\000t\000y}{subsection.5.8.2}
\BOOKMARK [3][-]{subsubsection.5.8.2.3}{\376\377\000e\000l\000e\000m\000\137\000f\000r\000e\000e}{subsection.5.8.2}
\BOOKMARK [3][-]{subsubsection.5.8.2.4}{\376\377\000e\000l\000e\000m\000\137\000i\000n\000i\000t}{subsection.5.8.2}
\BOOKMARK [3][-]{subsubsection.5.8.2.5}{\376\377\000e\000l\000e\000m\000\137\000s\000i\000z\000e}{subsection.5.8.2}
\BOOKMARK [3][-]{subsubsection.5.8.2.6}{\376\377\000s\000i\000z\000e}{subsection.5.8.2}
\BOOKMARK [0][-]{chapter.6}{\376\377\000F\000i\000l\000e\000\040\000D\000o\000c\000u\000m\000e\000n\000t\000a\000t\000i\000o\000n}{}
\BOOKMARK [1][-]{section.6.1}{\376\377\000m\000a\000i\000n\000.\000c\000\040\000F\000i\000l\000e\000\040\000R\000e\000f\000e\000r\000e\000n\000c\000e}{chapter.6}
\BOOKMARK [2][-]{subsection.6.1.1}{\376\377\000F\000u\000n\000c\000t\000i\000o\000n\000\040\000D\000o\000c\000u\000m\000e\000n\000t\000a\000t\000i\000o\000n}{section.6.1}
\BOOKMARK [3][-]{subsubsection.6.1.1.1}{\376\377\000e\000r\000a\000s\000e\000\137\000s\000t\000r\000\137\000t\000e\000s\000t}{subsection.6.1.1}
\BOOKMARK [3][-]{subsubsection.6.1.1.2}{\376\377\000e\000r\000a\000s\000e\000\137\000v\000o\000i\000d\000\137\000t\000e\000s\000t}{subsection.6.1.1}
\BOOKMARK [3][-]{subsubsection.6.1.1.3}{\376\377\000e\000r\000a\000s\000e\000d\000\137\000t\000e\000s\000t}{subsection.6.1.1}
\BOOKMARK [3][-]{subsubsection.6.1.1.4}{\376\377\000e\000r\000a\000s\000e\000i\000\137\000t\000e\000s\000t}{subsection.6.1.1}
\BOOKMARK [3][-]{subsubsection.6.1.1.5}{\376\377\000i\000n\000s\000e\000r\000t\000\137\000a\000r\000r\000a\000y\000\137\000s\000t\000r\000\137\000t\000e\000s\000t}{subsection.6.1.1}
\BOOKMARK [3][-]{subsubsection.6.1.1.6}{\376\377\000i\000n\000s\000e\000r\000t\000\137\000a\000r\000r\000a\000y\000\137\000v\000o\000i\000d\000\137\000t\000e\000s\000t}{subsection.6.1.1}
\BOOKMARK [3][-]{subsubsection.6.1.1.7}{\376\377\000i\000n\000s\000e\000r\000t\000\137\000a\000r\000r\000a\000y\000d\000\137\000t\000e\000s\000t}{subsection.6.1.1}
\BOOKMARK [3][-]{subsubsection.6.1.1.8}{\376\377\000i\000n\000s\000e\000r\000t\000\137\000a\000r\000r\000a\000y\000i\000\137\000t\000e\000s\000t}{subsection.6.1.1}
\BOOKMARK [3][-]{subsubsection.6.1.1.9}{\376\377\000i\000n\000s\000e\000r\000t\000\137\000s\000t\000r\000\137\000t\000e\000s\000t}{subsection.6.1.1}
\BOOKMARK [3][-]{subsubsection.6.1.1.10}{\376\377\000i\000n\000s\000e\000r\000t\000\137\000v\000o\000i\000d\000\137\000t\000e\000s\000t}{subsection.6.1.1}
\BOOKMARK [3][-]{subsubsection.6.1.1.11}{\376\377\000i\000n\000s\000e\000r\000t\000d\000\137\000t\000e\000s\000t}{subsection.6.1.1}
\BOOKMARK [3][-]{subsubsection.6.1.1.12}{\376\377\000i\000n\000s\000e\000r\000t\000i\000\137\000t\000e\000s\000t}{subsection.6.1.1}
\BOOKMARK [3][-]{subsubsection.6.1.1.13}{\376\377\000m\000a\000i\000n}{subsection.6.1.1}
\BOOKMARK [3][-]{subsubsection.6.1.1.14}{\376\377\000p\000o\000p\000\137\000s\000t\000r\000\137\000t\000e\000s\000t}{subsection.6.1.1}
\BOOKMARK [3][-]{subsubsection.6.1.1.15}{\376\377\000p\000o\000p\000\137\000v\000o\000i\000d\000\137\000t\000e\000s\000t}{subsection.6.1.1}
\BOOKMARK [3][-]{subsubsection.6.1.1.16}{\376\377\000p\000o\000p\000d\000\137\000t\000e\000s\000t}{subsection.6.1.1}
\BOOKMARK [3][-]{subsubsection.6.1.1.17}{\376\377\000p\000o\000p\000i\000\137\000t\000e\000s\000t}{subsection.6.1.1}
\BOOKMARK [3][-]{subsubsection.6.1.1.18}{\376\377\000p\000u\000s\000h\000\137\000s\000t\000r\000\137\000t\000e\000s\000t}{subsection.6.1.1}
\BOOKMARK [3][-]{subsubsection.6.1.1.19}{\376\377\000p\000u\000s\000h\000\137\000v\000o\000i\000d\000\137\000t\000e\000s\000t}{subsection.6.1.1}
\BOOKMARK [3][-]{subsubsection.6.1.1.20}{\376\377\000p\000u\000s\000h\000d\000\137\000t\000e\000s\000t}{subsection.6.1.1}
\BOOKMARK [3][-]{subsubsection.6.1.1.21}{\376\377\000p\000u\000s\000h\000i\000\137\000t\000e\000s\000t}{subsection.6.1.1}
\BOOKMARK [3][-]{subsubsection.6.1.1.22}{\376\377\000r\000e\000s\000e\000r\000v\000e\000\137\000s\000t\000r\000\137\000t\000e\000s\000t}{subsection.6.1.1}
\BOOKMARK [3][-]{subsubsection.6.1.1.23}{\376\377\000r\000e\000s\000e\000r\000v\000e\000\137\000v\000o\000i\000d\000\137\000t\000e\000s\000t}{subsection.6.1.1}
\BOOKMARK [3][-]{subsubsection.6.1.1.24}{\376\377\000r\000e\000s\000e\000r\000v\000e\000d\000\137\000t\000e\000s\000t}{subsection.6.1.1}
\BOOKMARK [3][-]{subsubsection.6.1.1.25}{\376\377\000r\000e\000s\000e\000r\000v\000e\000i\000\137\000t\000e\000s\000t}{subsection.6.1.1}
\BOOKMARK [3][-]{subsubsection.6.1.1.26}{\376\377\000s\000e\000t\000\137\000c\000a\000p\000a\000c\000i\000t\000y\000\137\000s\000t\000r\000\137\000t\000e\000s\000t}{subsection.6.1.1}
\BOOKMARK [3][-]{subsubsection.6.1.1.27}{\376\377\000s\000e\000t\000\137\000c\000a\000p\000a\000c\000i\000t\000y\000\137\000v\000o\000i\000d\000\137\000t\000e\000s\000t}{subsection.6.1.1}
\BOOKMARK [3][-]{subsubsection.6.1.1.28}{\376\377\000s\000e\000t\000\137\000c\000a\000p\000a\000c\000i\000t\000y\000d\000\137\000t\000e\000s\000t}{subsection.6.1.1}
\BOOKMARK [3][-]{subsubsection.6.1.1.29}{\376\377\000s\000e\000t\000\137\000c\000a\000p\000a\000c\000i\000t\000y\000i\000\137\000t\000e\000s\000t}{subsection.6.1.1}
\BOOKMARK [3][-]{subsubsection.6.1.1.30}{\376\377\000s\000e\000t\000\137\000v\000a\000l\000\137\000s\000t\000r\000\137\000t\000e\000s\000t}{subsection.6.1.1}
\BOOKMARK [3][-]{subsubsection.6.1.1.31}{\376\377\000s\000e\000t\000\137\000v\000a\000l\000\137\000v\000o\000i\000d\000\137\000t\000e\000s\000t}{subsection.6.1.1}
\BOOKMARK [3][-]{subsubsection.6.1.1.32}{\376\377\000s\000e\000t\000\137\000v\000a\000l\000d\000\137\000t\000e\000s\000t}{subsection.6.1.1}
\BOOKMARK [3][-]{subsubsection.6.1.1.33}{\376\377\000s\000e\000t\000\137\000v\000a\000l\000i\000\137\000t\000e\000s\000t}{subsection.6.1.1}
\BOOKMARK [3][-]{subsubsection.6.1.1.34}{\376\377\000t\000e\000m\000p\000l\000a\000t\000e\000\137\000t\000e\000s\000t}{subsection.6.1.1}
\BOOKMARK [3][-]{subsubsection.6.1.1.35}{\376\377\000v\000e\000c\000t\000o\000r\000\137\000o\000f\000\137\000v\000e\000c\000t\000o\000r\000s\000\137\000t\000e\000s\000t}{subsection.6.1.1}
\BOOKMARK [2][-]{subsection.6.1.2}{\376\377\000V\000a\000r\000i\000a\000b\000l\000e\000\040\000D\000o\000c\000u\000m\000e\000n\000t\000a\000t\000i\000o\000n}{section.6.1}
\BOOKMARK [3][-]{subsubsection.6.1.2.1}{\376\377\000t\000e\000m\000p\000l\000a\000t\000e\000\137\000t\000e\000s\000t\000s}{subsection.6.1.2}
\BOOKMARK [3][-]{subsubsection.6.1.2.2}{\376\377\000v\000e\000c\000t\000o\000r\000\137\000d\000\137\000t\000e\000s\000t\000s}{subsection.6.1.2}
\BOOKMARK [3][-]{subsubsection.6.1.2.3}{\376\377\000v\000e\000c\000t\000o\000r\000\137\000i\000\137\000t\000e\000s\000t\000s}{subsection.6.1.2}
\BOOKMARK [3][-]{subsubsection.6.1.2.4}{\376\377\000v\000e\000c\000t\000o\000r\000\137\000s\000\137\000t\000e\000s\000t\000s}{subsection.6.1.2}
\BOOKMARK [3][-]{subsubsection.6.1.2.5}{\376\377\000v\000e\000c\000t\000o\000r\000\137\000s\000u\000i\000t\000e\000s}{subsection.6.1.2}
\BOOKMARK [3][-]{subsubsection.6.1.2.6}{\376\377\000v\000e\000c\000t\000o\000r\000\137\000t\000e\000s\000t\000s}{subsection.6.1.2}
\BOOKMARK [1][-]{section.6.2}{\376\377\000v\000e\000c\000t\000o\000r\000\137\000a\000l\000l\000.\000h\000\040\000F\000i\000l\000e\000\040\000R\000e\000f\000e\000r\000e\000n\000c\000e}{chapter.6}
\BOOKMARK [1][-]{section.6.3}{\376\377\000v\000e\000c\000t\000o\000r\000\137\000s\000h\000o\000r\000t\000.\000c\000\040\000F\000i\000l\000e\000\040\000R\000e\000f\000e\000r\000e\000n\000c\000e}{chapter.6}
\BOOKMARK [2][-]{subsection.6.3.1}{\376\377\000D\000e\000f\000i\000n\000e\000\040\000D\000o\000c\000u\000m\000e\000n\000t\000a\000t\000i\000o\000n}{section.6.3}
\BOOKMARK [3][-]{subsubsection.6.3.1.1}{\376\377\000S\000T\000D\000E\000R\000R}{subsection.6.3.1}
\BOOKMARK [3][-]{subsubsection.6.3.1.2}{\376\377\000V\000E\000C\000\137\000s\000h\000o\000r\000t\000\137\000A\000L\000L\000O\000C\000A\000T\000O\000R}{subsection.6.3.1}
\BOOKMARK [2][-]{subsection.6.3.2}{\376\377\000F\000u\000n\000c\000t\000i\000o\000n\000\040\000D\000o\000c\000u\000m\000e\000n\000t\000a\000t\000i\000o\000n}{section.6.3}
\BOOKMARK [3][-]{subsubsection.6.3.2.1}{\376\377\000b\000a\000c\000k\000\137\000s\000h\000o\000r\000t}{subsection.6.3.2}
\BOOKMARK [3][-]{subsubsection.6.3.2.2}{\376\377\000c\000l\000e\000a\000r\000\137\000s\000h\000o\000r\000t}{subsection.6.3.2}
\BOOKMARK [3][-]{subsubsection.6.3.2.3}{\376\377\000e\000r\000a\000s\000e\000\137\000s\000h\000o\000r\000t}{subsection.6.3.2}
\BOOKMARK [3][-]{subsubsection.6.3.2.4}{\376\377\000e\000x\000t\000e\000n\000d\000\137\000s\000h\000o\000r\000t}{subsection.6.3.2}
\BOOKMARK [3][-]{subsubsection.6.3.2.5}{\376\377\000f\000r\000e\000e\000\137\000v\000e\000c\000\137\000s\000h\000o\000r\000t}{subsection.6.3.2}
\BOOKMARK [3][-]{subsubsection.6.3.2.6}{\376\377\000f\000r\000e\000e\000\137\000v\000e\000c\000\137\000s\000h\000o\000r\000t\000\137\000h\000e\000a\000p}{subsection.6.3.2}
\BOOKMARK [3][-]{subsubsection.6.3.2.7}{\376\377\000i\000n\000i\000t\000\137\000v\000e\000c\000\137\000s\000h\000o\000r\000t}{subsection.6.3.2}
\BOOKMARK [3][-]{subsubsection.6.3.2.8}{\376\377\000i\000n\000i\000t\000\137\000v\000e\000c\000\137\000s\000h\000o\000r\000t\000\137\000h\000e\000a\000p}{subsection.6.3.2}
\BOOKMARK [3][-]{subsubsection.6.3.2.9}{\376\377\000i\000n\000s\000e\000r\000t\000\137\000a\000r\000r\000a\000y\000\137\000s\000h\000o\000r\000t}{subsection.6.3.2}
\BOOKMARK [3][-]{subsubsection.6.3.2.10}{\376\377\000i\000n\000s\000e\000r\000t\000\137\000s\000h\000o\000r\000t}{subsection.6.3.2}
\BOOKMARK [3][-]{subsubsection.6.3.2.11}{\376\377\000p\000o\000p\000\137\000s\000h\000o\000r\000t}{subsection.6.3.2}
\BOOKMARK [3][-]{subsubsection.6.3.2.12}{\376\377\000p\000u\000s\000h\000\137\000s\000h\000o\000r\000t}{subsection.6.3.2}
\BOOKMARK [3][-]{subsubsection.6.3.2.13}{\376\377\000r\000e\000s\000e\000r\000v\000e\000\137\000s\000h\000o\000r\000t}{subsection.6.3.2}
\BOOKMARK [3][-]{subsubsection.6.3.2.14}{\376\377\000s\000e\000t\000\137\000c\000a\000p\000a\000c\000i\000t\000y\000\137\000s\000h\000o\000r\000t}{subsection.6.3.2}
\BOOKMARK [3][-]{subsubsection.6.3.2.15}{\376\377\000s\000e\000t\000\137\000v\000a\000l\000\137\000c\000a\000p\000\137\000s\000h\000o\000r\000t}{subsection.6.3.2}
\BOOKMARK [3][-]{subsubsection.6.3.2.16}{\376\377\000s\000e\000t\000\137\000v\000a\000l\000\137\000s\000z\000\137\000s\000h\000o\000r\000t}{subsection.6.3.2}
\BOOKMARK [3][-]{subsubsection.6.3.2.17}{\376\377\000v\000e\000c\000\137\000s\000h\000o\000r\000t}{subsection.6.3.2}
\BOOKMARK [3][-]{subsubsection.6.3.2.18}{\376\377\000v\000e\000c\000\137\000s\000h\000o\000r\000t\000\137\000c\000o\000p\000y}{subsection.6.3.2}
\BOOKMARK [3][-]{subsubsection.6.3.2.19}{\376\377\000v\000e\000c\000\137\000s\000h\000o\000r\000t\000\137\000h\000e\000a\000p}{subsection.6.3.2}
\BOOKMARK [2][-]{subsection.6.3.3}{\376\377\000V\000a\000r\000i\000a\000b\000l\000e\000\040\000D\000o\000c\000u\000m\000e\000n\000t\000a\000t\000i\000o\000n}{section.6.3}
\BOOKMARK [3][-]{subsubsection.6.3.3.1}{\376\377\000V\000E\000C\000T\000O\000R\000\137\000s\000h\000o\000r\000t\000\137\000S\000Z}{subsection.6.3.3}
\BOOKMARK [1][-]{section.6.4}{\376\377\000v\000e\000c\000t\000o\000r\000\137\000s\000h\000o\000r\000t\000.\000h\000\040\000F\000i\000l\000e\000\040\000R\000e\000f\000e\000r\000e\000n\000c\000e}{chapter.6}
\BOOKMARK [2][-]{subsection.6.4.1}{\376\377\000F\000u\000n\000c\000t\000i\000o\000n\000\040\000D\000o\000c\000u\000m\000e\000n\000t\000a\000t\000i\000o\000n}{section.6.4}
\BOOKMARK [3][-]{subsubsection.6.4.1.1}{\376\377\000b\000a\000c\000k\000\137\000s\000h\000o\000r\000t}{subsection.6.4.1}
\BOOKMARK [3][-]{subsubsection.6.4.1.2}{\376\377\000c\000l\000e\000a\000r\000\137\000s\000h\000o\000r\000t}{subsection.6.4.1}
\BOOKMARK [3][-]{subsubsection.6.4.1.3}{\376\377\000e\000r\000a\000s\000e\000\137\000s\000h\000o\000r\000t}{subsection.6.4.1}
\BOOKMARK [3][-]{subsubsection.6.4.1.4}{\376\377\000e\000x\000t\000e\000n\000d\000\137\000s\000h\000o\000r\000t}{subsection.6.4.1}
\BOOKMARK [3][-]{subsubsection.6.4.1.5}{\376\377\000f\000r\000e\000e\000\137\000v\000e\000c\000\137\000s\000h\000o\000r\000t}{subsection.6.4.1}
\BOOKMARK [3][-]{subsubsection.6.4.1.6}{\376\377\000f\000r\000e\000e\000\137\000v\000e\000c\000\137\000s\000h\000o\000r\000t\000\137\000h\000e\000a\000p}{subsection.6.4.1}
\BOOKMARK [3][-]{subsubsection.6.4.1.7}{\376\377\000i\000n\000i\000t\000\137\000v\000e\000c\000\137\000s\000h\000o\000r\000t}{subsection.6.4.1}
\BOOKMARK [3][-]{subsubsection.6.4.1.8}{\376\377\000i\000n\000i\000t\000\137\000v\000e\000c\000\137\000s\000h\000o\000r\000t\000\137\000h\000e\000a\000p}{subsection.6.4.1}
\BOOKMARK [3][-]{subsubsection.6.4.1.9}{\376\377\000i\000n\000s\000e\000r\000t\000\137\000a\000r\000r\000a\000y\000\137\000s\000h\000o\000r\000t}{subsection.6.4.1}
\BOOKMARK [3][-]{subsubsection.6.4.1.10}{\376\377\000i\000n\000s\000e\000r\000t\000\137\000s\000h\000o\000r\000t}{subsection.6.4.1}
\BOOKMARK [3][-]{subsubsection.6.4.1.11}{\376\377\000p\000o\000p\000\137\000s\000h\000o\000r\000t}{subsection.6.4.1}
\BOOKMARK [3][-]{subsubsection.6.4.1.12}{\376\377\000p\000u\000s\000h\000\137\000s\000h\000o\000r\000t}{subsection.6.4.1}
\BOOKMARK [3][-]{subsubsection.6.4.1.13}{\376\377\000r\000e\000s\000e\000r\000v\000e\000\137\000s\000h\000o\000r\000t}{subsection.6.4.1}
\BOOKMARK [3][-]{subsubsection.6.4.1.14}{\376\377\000s\000e\000t\000\137\000c\000a\000p\000a\000c\000i\000t\000y\000\137\000s\000h\000o\000r\000t}{subsection.6.4.1}
\BOOKMARK [3][-]{subsubsection.6.4.1.15}{\376\377\000s\000e\000t\000\137\000v\000a\000l\000\137\000c\000a\000p\000\137\000s\000h\000o\000r\000t}{subsection.6.4.1}
\BOOKMARK [3][-]{subsubsection.6.4.1.16}{\376\377\000s\000e\000t\000\137\000v\000a\000l\000\137\000s\000z\000\137\000s\000h\000o\000r\000t}{subsection.6.4.1}
\BOOKMARK [3][-]{subsubsection.6.4.1.17}{\376\377\000v\000e\000c\000\137\000s\000h\000o\000r\000t}{subsection.6.4.1}
\BOOKMARK [3][-]{subsubsection.6.4.1.18}{\376\377\000v\000e\000c\000\137\000s\000h\000o\000r\000t\000\137\000c\000o\000p\000y}{subsection.6.4.1}
\BOOKMARK [3][-]{subsubsection.6.4.1.19}{\376\377\000v\000e\000c\000\137\000s\000h\000o\000r\000t\000\137\000h\000e\000a\000p}{subsection.6.4.1}
\BOOKMARK [2][-]{subsection.6.4.2}{\376\377\000V\000a\000r\000i\000a\000b\000l\000e\000\040\000D\000o\000c\000u\000m\000e\000n\000t\000a\000t\000i\000o\000n}{section.6.4}
\BOOKMARK [3][-]{subsubsection.6.4.2.1}{\376\377\000V\000E\000C\000T\000O\000R\000\137\000s\000h\000o\000r\000t\000\137\000S\000Z}{subsection.6.4.2}
\BOOKMARK [1][-]{section.6.5}{\376\377\000v\000e\000c\000t\000o\000r\000\137\000t\000e\000m\000p\000l\000a\000t\000e\000.\000c\000\040\000F\000i\000l\000e\000\040\000R\000e\000f\000e\000r\000e\000n\000c\000e}{chapter.6}
\BOOKMARK [2][-]{subsection.6.5.1}{\376\377\000D\000e\000f\000i\000n\000e\000\040\000D\000o\000c\000u\000m\000e\000n\000t\000a\000t\000i\000o\000n}{section.6.5}
\BOOKMARK [3][-]{subsubsection.6.5.1.1}{\376\377\000S\000T\000D\000E\000R\000R}{subsection.6.5.1}
\BOOKMARK [3][-]{subsubsection.6.5.1.2}{\376\377\000V\000E\000C\000\137\000T\000Y\000P\000E\000\137\000A\000L\000L\000O\000C\000A\000T\000O\000R}{subsection.6.5.1}
\BOOKMARK [2][-]{subsection.6.5.2}{\376\377\000F\000u\000n\000c\000t\000i\000o\000n\000\040\000D\000o\000c\000u\000m\000e\000n\000t\000a\000t\000i\000o\000n}{section.6.5}
\BOOKMARK [3][-]{subsubsection.6.5.2.1}{\376\377\000b\000a\000c\000k\000\137\000T\000Y\000P\000E}{subsection.6.5.2}
\BOOKMARK [3][-]{subsubsection.6.5.2.2}{\376\377\000c\000l\000e\000a\000r\000\137\000T\000Y\000P\000E}{subsection.6.5.2}
\BOOKMARK [3][-]{subsubsection.6.5.2.3}{\376\377\000e\000r\000a\000s\000e\000\137\000T\000Y\000P\000E}{subsection.6.5.2}
\BOOKMARK [3][-]{subsubsection.6.5.2.4}{\376\377\000e\000x\000t\000e\000n\000d\000\137\000T\000Y\000P\000E}{subsection.6.5.2}
\BOOKMARK [3][-]{subsubsection.6.5.2.5}{\376\377\000f\000r\000e\000e\000\137\000v\000e\000c\000\137\000T\000Y\000P\000E}{subsection.6.5.2}
\BOOKMARK [3][-]{subsubsection.6.5.2.6}{\376\377\000f\000r\000e\000e\000\137\000v\000e\000c\000\137\000T\000Y\000P\000E\000\137\000h\000e\000a\000p}{subsection.6.5.2}
\BOOKMARK [3][-]{subsubsection.6.5.2.7}{\376\377\000i\000n\000i\000t\000\137\000v\000e\000c\000\137\000T\000Y\000P\000E}{subsection.6.5.2}
\BOOKMARK [3][-]{subsubsection.6.5.2.8}{\376\377\000i\000n\000i\000t\000\137\000v\000e\000c\000\137\000T\000Y\000P\000E\000\137\000h\000e\000a\000p}{subsection.6.5.2}
\BOOKMARK [3][-]{subsubsection.6.5.2.9}{\376\377\000i\000n\000s\000e\000r\000t\000\137\000a\000r\000r\000a\000y\000\137\000T\000Y\000P\000E}{subsection.6.5.2}
\BOOKMARK [3][-]{subsubsection.6.5.2.10}{\376\377\000i\000n\000s\000e\000r\000t\000\137\000T\000Y\000P\000E}{subsection.6.5.2}
\BOOKMARK [3][-]{subsubsection.6.5.2.11}{\376\377\000p\000o\000p\000\137\000T\000Y\000P\000E}{subsection.6.5.2}
\BOOKMARK [3][-]{subsubsection.6.5.2.12}{\376\377\000p\000u\000s\000h\000\137\000T\000Y\000P\000E}{subsection.6.5.2}
\BOOKMARK [3][-]{subsubsection.6.5.2.13}{\376\377\000r\000e\000s\000e\000r\000v\000e\000\137\000T\000Y\000P\000E}{subsection.6.5.2}
\BOOKMARK [3][-]{subsubsection.6.5.2.14}{\376\377\000s\000e\000t\000\137\000c\000a\000p\000a\000c\000i\000t\000y\000\137\000T\000Y\000P\000E}{subsection.6.5.2}
\BOOKMARK [3][-]{subsubsection.6.5.2.15}{\376\377\000s\000e\000t\000\137\000v\000a\000l\000\137\000c\000a\000p\000\137\000T\000Y\000P\000E}{subsection.6.5.2}
\BOOKMARK [3][-]{subsubsection.6.5.2.16}{\376\377\000s\000e\000t\000\137\000v\000a\000l\000\137\000s\000z\000\137\000T\000Y\000P\000E}{subsection.6.5.2}
\BOOKMARK [3][-]{subsubsection.6.5.2.17}{\376\377\000v\000e\000c\000\137\000T\000Y\000P\000E}{subsection.6.5.2}
\BOOKMARK [3][-]{subsubsection.6.5.2.18}{\376\377\000v\000e\000c\000\137\000T\000Y\000P\000E\000\137\000c\000o\000p\000y}{subsection.6.5.2}
\BOOKMARK [3][-]{subsubsection.6.5.2.19}{\376\377\000v\000e\000c\000\137\000T\000Y\000P\000E\000\137\000h\000e\000a\000p}{subsection.6.5.2}
\BOOKMARK [2][-]{subsection.6.5.3}{\376\377\000V\000a\000r\000i\000a\000b\000l\000e\000\040\000D\000o\000c\000u\000m\000e\000n\000t\000a\000t\000i\000o\000n}{section.6.5}
\BOOKMARK [3][-]{subsubsection.6.5.3.1}{\376\377\000V\000E\000C\000T\000O\000R\000\137\000T\000Y\000P\000E\000\137\000S\000Z}{subsection.6.5.3}
\BOOKMARK [1][-]{section.6.6}{\376\377\000v\000e\000c\000t\000o\000r\000\137\000t\000e\000m\000p\000l\000a\000t\000e\000.\000h\000\040\000F\000i\000l\000e\000\040\000R\000e\000f\000e\000r\000e\000n\000c\000e}{chapter.6}
\BOOKMARK [2][-]{subsection.6.6.1}{\376\377\000F\000u\000n\000c\000t\000i\000o\000n\000\040\000D\000o\000c\000u\000m\000e\000n\000t\000a\000t\000i\000o\000n}{section.6.6}
\BOOKMARK [3][-]{subsubsection.6.6.1.1}{\376\377\000b\000a\000c\000k\000\137\000T\000Y\000P\000E}{subsection.6.6.1}
\BOOKMARK [3][-]{subsubsection.6.6.1.2}{\376\377\000c\000l\000e\000a\000r\000\137\000T\000Y\000P\000E}{subsection.6.6.1}
\BOOKMARK [3][-]{subsubsection.6.6.1.3}{\376\377\000e\000r\000a\000s\000e\000\137\000T\000Y\000P\000E}{subsection.6.6.1}
\BOOKMARK [3][-]{subsubsection.6.6.1.4}{\376\377\000e\000x\000t\000e\000n\000d\000\137\000T\000Y\000P\000E}{subsection.6.6.1}
\BOOKMARK [3][-]{subsubsection.6.6.1.5}{\376\377\000f\000r\000e\000e\000\137\000v\000e\000c\000\137\000T\000Y\000P\000E}{subsection.6.6.1}
\BOOKMARK [3][-]{subsubsection.6.6.1.6}{\376\377\000f\000r\000e\000e\000\137\000v\000e\000c\000\137\000T\000Y\000P\000E\000\137\000h\000e\000a\000p}{subsection.6.6.1}
\BOOKMARK [3][-]{subsubsection.6.6.1.7}{\376\377\000i\000n\000i\000t\000\137\000v\000e\000c\000\137\000T\000Y\000P\000E}{subsection.6.6.1}
\BOOKMARK [3][-]{subsubsection.6.6.1.8}{\376\377\000i\000n\000i\000t\000\137\000v\000e\000c\000\137\000T\000Y\000P\000E\000\137\000h\000e\000a\000p}{subsection.6.6.1}
\BOOKMARK [3][-]{subsubsection.6.6.1.9}{\376\377\000i\000n\000s\000e\000r\000t\000\137\000a\000r\000r\000a\000y\000\137\000T\000Y\000P\000E}{subsection.6.6.1}
\BOOKMARK [3][-]{subsubsection.6.6.1.10}{\376\377\000i\000n\000s\000e\000r\000t\000\137\000T\000Y\000P\000E}{subsection.6.6.1}
\BOOKMARK [3][-]{subsubsection.6.6.1.11}{\376\377\000p\000o\000p\000\137\000T\000Y\000P\000E}{subsection.6.6.1}
\BOOKMARK [3][-]{subsubsection.6.6.1.12}{\376\377\000p\000u\000s\000h\000\137\000T\000Y\000P\000E}{subsection.6.6.1}
\BOOKMARK [3][-]{subsubsection.6.6.1.13}{\376\377\000r\000e\000s\000e\000r\000v\000e\000\137\000T\000Y\000P\000E}{subsection.6.6.1}
\BOOKMARK [3][-]{subsubsection.6.6.1.14}{\376\377\000s\000e\000t\000\137\000c\000a\000p\000a\000c\000i\000t\000y\000\137\000T\000Y\000P\000E}{subsection.6.6.1}
\BOOKMARK [3][-]{subsubsection.6.6.1.15}{\376\377\000s\000e\000t\000\137\000v\000a\000l\000\137\000c\000a\000p\000\137\000T\000Y\000P\000E}{subsection.6.6.1}
\BOOKMARK [3][-]{subsubsection.6.6.1.16}{\376\377\000s\000e\000t\000\137\000v\000a\000l\000\137\000s\000z\000\137\000T\000Y\000P\000E}{subsection.6.6.1}
\BOOKMARK [3][-]{subsubsection.6.6.1.17}{\376\377\000v\000e\000c\000\137\000T\000Y\000P\000E}{subsection.6.6.1}
\BOOKMARK [3][-]{subsubsection.6.6.1.18}{\376\377\000v\000e\000c\000\137\000T\000Y\000P\000E\000\137\000c\000o\000p\000y}{subsection.6.6.1}
\BOOKMARK [3][-]{subsubsection.6.6.1.19}{\376\377\000v\000e\000c\000\137\000T\000Y\000P\000E\000\137\000h\000e\000a\000p}{subsection.6.6.1}
\BOOKMARK [2][-]{subsection.6.6.2}{\376\377\000V\000a\000r\000i\000a\000b\000l\000e\000\040\000D\000o\000c\000u\000m\000e\000n\000t\000a\000t\000i\000o\000n}{section.6.6}
\BOOKMARK [3][-]{subsubsection.6.6.2.1}{\376\377\000V\000E\000C\000T\000O\000R\000\137\000T\000Y\000P\000E\000\137\000S\000Z}{subsection.6.6.2}
\BOOKMARK [1][-]{section.6.7}{\376\377\000v\000e\000c\000t\000o\000r\000\137\000t\000e\000s\000t\000s\000.\000c\000\040\000F\000i\000l\000e\000\040\000R\000e\000f\000e\000r\000e\000n\000c\000e}{chapter.6}
\BOOKMARK [2][-]{subsection.6.7.1}{\376\377\000D\000e\000f\000i\000n\000e\000\040\000D\000o\000c\000u\000m\000e\000n\000t\000a\000t\000i\000o\000n}{section.6.7}
\BOOKMARK [3][-]{subsubsection.6.7.1.1}{\376\377\000D\000O\000\137\000T\000E\000M\000P\000L\000A\000T\000E\000\137\000T\000E\000S\000T}{subsection.6.7.1}
\BOOKMARK [3][-]{subsubsection.6.7.1.2}{\376\377\000G\000E\000T\000\137\000E\000L\000E\000M\000E\000N\000T}{subsection.6.7.1}
\BOOKMARK [3][-]{subsubsection.6.7.1.3}{\376\377\000G\000E\000T\000\137\000F}{subsection.6.7.1}
\BOOKMARK [3][-]{subsubsection.6.7.1.4}{\376\377\000G\000E\000T\000\137\000F\000P}{subsection.6.7.1}
\BOOKMARK [3][-]{subsubsection.6.7.1.5}{\376\377\000G\000E\000T\000\137\000T}{subsection.6.7.1}
\BOOKMARK [3][-]{subsubsection.6.7.1.6}{\376\377\000G\000E\000T\000\137\000T\000P}{subsection.6.7.1}
\BOOKMARK [3][-]{subsubsection.6.7.1.7}{\376\377\000S\000T\000D\000E\000R\000R}{subsection.6.7.1}
\BOOKMARK [2][-]{subsection.6.7.2}{\376\377\000F\000u\000n\000c\000t\000i\000o\000n\000\040\000D\000o\000c\000u\000m\000e\000n\000t\000a\000t\000i\000o\000n}{section.6.7}
\BOOKMARK [3][-]{subsubsection.6.7.2.1}{\376\377\000e\000r\000a\000s\000e\000\137\000s\000t\000r\000\137\000t\000e\000s\000t}{subsection.6.7.2}
\BOOKMARK [3][-]{subsubsection.6.7.2.2}{\376\377\000e\000r\000a\000s\000e\000\137\000v\000o\000i\000d\000\137\000t\000e\000s\000t}{subsection.6.7.2}
\BOOKMARK [3][-]{subsubsection.6.7.2.3}{\376\377\000e\000r\000a\000s\000e\000d\000\137\000t\000e\000s\000t}{subsection.6.7.2}
\BOOKMARK [3][-]{subsubsection.6.7.2.4}{\376\377\000e\000r\000a\000s\000e\000i\000\137\000t\000e\000s\000t}{subsection.6.7.2}
\BOOKMARK [3][-]{subsubsection.6.7.2.5}{\376\377\000f\000r\000e\000e\000\137\000f\000\137\000s\000t\000r\000u\000c\000t}{subsection.6.7.2}
\BOOKMARK [3][-]{subsubsection.6.7.2.6}{\376\377\000i\000n\000i\000t\000\137\000f\000\137\000s\000t\000r\000u\000c\000t}{subsection.6.7.2}
\BOOKMARK [3][-]{subsubsection.6.7.2.7}{\376\377\000i\000n\000s\000e\000r\000t\000\137\000a\000r\000r\000a\000y\000\137\000s\000t\000r\000\137\000t\000e\000s\000t}{subsection.6.7.2}
\BOOKMARK [3][-]{subsubsection.6.7.2.8}{\376\377\000i\000n\000s\000e\000r\000t\000\137\000a\000r\000r\000a\000y\000\137\000v\000o\000i\000d\000\137\000t\000e\000s\000t}{subsection.6.7.2}
\BOOKMARK [3][-]{subsubsection.6.7.2.9}{\376\377\000i\000n\000s\000e\000r\000t\000\137\000a\000r\000r\000a\000y\000d\000\137\000t\000e\000s\000t}{subsection.6.7.2}
\BOOKMARK [3][-]{subsubsection.6.7.2.10}{\376\377\000i\000n\000s\000e\000r\000t\000\137\000a\000r\000r\000a\000y\000i\000\137\000t\000e\000s\000t}{subsection.6.7.2}
\BOOKMARK [3][-]{subsubsection.6.7.2.11}{\376\377\000i\000n\000s\000e\000r\000t\000\137\000s\000t\000r\000\137\000t\000e\000s\000t}{subsection.6.7.2}
\BOOKMARK [3][-]{subsubsection.6.7.2.12}{\376\377\000i\000n\000s\000e\000r\000t\000\137\000v\000o\000i\000d\000\137\000t\000e\000s\000t}{subsection.6.7.2}
\BOOKMARK [3][-]{subsubsection.6.7.2.13}{\376\377\000i\000n\000s\000e\000r\000t\000d\000\137\000t\000e\000s\000t}{subsection.6.7.2}
\BOOKMARK [3][-]{subsubsection.6.7.2.14}{\376\377\000i\000n\000s\000e\000r\000t\000i\000\137\000t\000e\000s\000t}{subsection.6.7.2}
\BOOKMARK [3][-]{subsubsection.6.7.2.15}{\376\377\000m\000k\000\137\000f\000\137\000s\000t\000r\000u\000c\000t}{subsection.6.7.2}
\BOOKMARK [3][-]{subsubsection.6.7.2.16}{\376\377\000m\000k\000\137\000t\000\137\000s\000t\000r\000u\000c\000t}{subsection.6.7.2}
\BOOKMARK [3][-]{subsubsection.6.7.2.17}{\376\377\000p\000o\000p\000\137\000s\000t\000r\000\137\000t\000e\000s\000t}{subsection.6.7.2}
\BOOKMARK [3][-]{subsubsection.6.7.2.18}{\376\377\000p\000o\000p\000\137\000v\000o\000i\000d\000\137\000t\000e\000s\000t}{subsection.6.7.2}
\BOOKMARK [3][-]{subsubsection.6.7.2.19}{\376\377\000p\000o\000p\000d\000\137\000t\000e\000s\000t}{subsection.6.7.2}
\BOOKMARK [3][-]{subsubsection.6.7.2.20}{\376\377\000p\000o\000p\000i\000\137\000t\000e\000s\000t}{subsection.6.7.2}
\BOOKMARK [3][-]{subsubsection.6.7.2.21}{\376\377\000p\000u\000s\000h\000\137\000s\000t\000r\000\137\000t\000e\000s\000t}{subsection.6.7.2}
\BOOKMARK [3][-]{subsubsection.6.7.2.22}{\376\377\000p\000u\000s\000h\000\137\000v\000o\000i\000d\000\137\000t\000e\000s\000t}{subsection.6.7.2}
\BOOKMARK [3][-]{subsubsection.6.7.2.23}{\376\377\000p\000u\000s\000h\000d\000\137\000t\000e\000s\000t}{subsection.6.7.2}
\BOOKMARK [3][-]{subsubsection.6.7.2.24}{\376\377\000p\000u\000s\000h\000i\000\137\000t\000e\000s\000t}{subsection.6.7.2}
\BOOKMARK [3][-]{subsubsection.6.7.2.25}{\376\377\000r\000e\000s\000e\000r\000v\000e\000\137\000s\000t\000r\000\137\000t\000e\000s\000t}{subsection.6.7.2}
\BOOKMARK [3][-]{subsubsection.6.7.2.26}{\376\377\000r\000e\000s\000e\000r\000v\000e\000\137\000v\000o\000i\000d\000\137\000t\000e\000s\000t}{subsection.6.7.2}
\BOOKMARK [3][-]{subsubsection.6.7.2.27}{\376\377\000r\000e\000s\000e\000r\000v\000e\000d\000\137\000t\000e\000s\000t}{subsection.6.7.2}
\BOOKMARK [3][-]{subsubsection.6.7.2.28}{\376\377\000r\000e\000s\000e\000r\000v\000e\000i\000\137\000t\000e\000s\000t}{subsection.6.7.2}
\BOOKMARK [3][-]{subsubsection.6.7.2.29}{\376\377\000s\000e\000t\000\137\000c\000a\000p\000a\000c\000i\000t\000y\000\137\000s\000t\000r\000\137\000t\000e\000s\000t}{subsection.6.7.2}
\BOOKMARK [3][-]{subsubsection.6.7.2.30}{\376\377\000s\000e\000t\000\137\000c\000a\000p\000a\000c\000i\000t\000y\000\137\000v\000o\000i\000d\000\137\000t\000e\000s\000t}{subsection.6.7.2}
\BOOKMARK [3][-]{subsubsection.6.7.2.31}{\376\377\000s\000e\000t\000\137\000c\000a\000p\000a\000c\000i\000t\000y\000d\000\137\000t\000e\000s\000t}{subsection.6.7.2}
\BOOKMARK [3][-]{subsubsection.6.7.2.32}{\376\377\000s\000e\000t\000\137\000c\000a\000p\000a\000c\000i\000t\000y\000i\000\137\000t\000e\000s\000t}{subsection.6.7.2}
\BOOKMARK [3][-]{subsubsection.6.7.2.33}{\376\377\000s\000e\000t\000\137\000v\000a\000l\000\137\000s\000t\000r\000\137\000t\000e\000s\000t}{subsection.6.7.2}
\BOOKMARK [3][-]{subsubsection.6.7.2.34}{\376\377\000s\000e\000t\000\137\000v\000a\000l\000\137\000v\000o\000i\000d\000\137\000t\000e\000s\000t}{subsection.6.7.2}
\BOOKMARK [3][-]{subsubsection.6.7.2.35}{\376\377\000s\000e\000t\000\137\000v\000a\000l\000d\000\137\000t\000e\000s\000t}{subsection.6.7.2}
\BOOKMARK [3][-]{subsubsection.6.7.2.36}{\376\377\000s\000e\000t\000\137\000v\000a\000l\000i\000\137\000t\000e\000s\000t}{subsection.6.7.2}
\BOOKMARK [3][-]{subsubsection.6.7.2.37}{\376\377\000t\000e\000m\000p\000l\000a\000t\000e\000\137\000t\000e\000s\000t}{subsection.6.7.2}
\BOOKMARK [3][-]{subsubsection.6.7.2.38}{\376\377\000v\000e\000c\000t\000o\000r\000\137\000o\000f\000\137\000v\000e\000c\000t\000o\000r\000s\000\137\000t\000e\000s\000t}{subsection.6.7.2}
\BOOKMARK [1][-]{section.6.8}{\376\377\000v\000e\000c\000t\000o\000r\000\137\000v\000o\000i\000d\000.\000c\000\040\000F\000i\000l\000e\000\040\000R\000e\000f\000e\000r\000e\000n\000c\000e}{chapter.6}
\BOOKMARK [2][-]{subsection.6.8.1}{\376\377\000D\000e\000f\000i\000n\000e\000\040\000D\000o\000c\000u\000m\000e\000n\000t\000a\000t\000i\000o\000n}{section.6.8}
\BOOKMARK [3][-]{subsubsection.6.8.1.1}{\376\377\000S\000T\000D\000E\000R\000R}{subsection.6.8.1}
\BOOKMARK [3][-]{subsubsection.6.8.1.2}{\376\377\000V\000E\000C\000\137\000A\000L\000L\000O\000C\000A\000T\000O\000R}{subsection.6.8.1}
\BOOKMARK [2][-]{subsection.6.8.2}{\376\377\000F\000u\000n\000c\000t\000i\000o\000n\000\040\000D\000o\000c\000u\000m\000e\000n\000t\000a\000t\000i\000o\000n}{section.6.8}
\BOOKMARK [3][-]{subsubsection.6.8.2.1}{\376\377\000b\000a\000c\000k\000\137\000v\000o\000i\000d}{subsection.6.8.2}
\BOOKMARK [3][-]{subsubsection.6.8.2.2}{\376\377\000c\000l\000e\000a\000r\000\137\000v\000o\000i\000d}{subsection.6.8.2}
\BOOKMARK [3][-]{subsubsection.6.8.2.3}{\376\377\000e\000r\000a\000s\000e\000\137\000v\000o\000i\000d}{subsection.6.8.2}
\BOOKMARK [3][-]{subsubsection.6.8.2.4}{\376\377\000e\000x\000t\000e\000n\000d\000\137\000v\000o\000i\000d}{subsection.6.8.2}
\BOOKMARK [3][-]{subsubsection.6.8.2.5}{\376\377\000f\000r\000e\000e\000\137\000v\000e\000c\000\137\000v\000o\000i\000d}{subsection.6.8.2}
\BOOKMARK [3][-]{subsubsection.6.8.2.6}{\376\377\000f\000r\000e\000e\000\137\000v\000e\000c\000\137\000v\000o\000i\000d\000\137\000h\000e\000a\000p}{subsection.6.8.2}
\BOOKMARK [3][-]{subsubsection.6.8.2.7}{\376\377\000i\000n\000i\000t\000\137\000v\000e\000c\000\137\000v\000o\000i\000d}{subsection.6.8.2}
\BOOKMARK [3][-]{subsubsection.6.8.2.8}{\376\377\000i\000n\000i\000t\000\137\000v\000e\000c\000\137\000v\000o\000i\000d\000\137\000h\000e\000a\000p}{subsection.6.8.2}
\BOOKMARK [3][-]{subsubsection.6.8.2.9}{\376\377\000i\000n\000s\000e\000r\000t\000\137\000a\000r\000r\000a\000y\000\137\000v\000o\000i\000d}{subsection.6.8.2}
\BOOKMARK [3][-]{subsubsection.6.8.2.10}{\376\377\000i\000n\000s\000e\000r\000t\000\137\000v\000o\000i\000d}{subsection.6.8.2}
\BOOKMARK [3][-]{subsubsection.6.8.2.11}{\376\377\000p\000o\000p\000\137\000v\000o\000i\000d}{subsection.6.8.2}
\BOOKMARK [3][-]{subsubsection.6.8.2.12}{\376\377\000p\000u\000s\000h\000\137\000v\000o\000i\000d}{subsection.6.8.2}
\BOOKMARK [3][-]{subsubsection.6.8.2.13}{\376\377\000r\000e\000s\000e\000r\000v\000e\000\137\000v\000o\000i\000d}{subsection.6.8.2}
\BOOKMARK [3][-]{subsubsection.6.8.2.14}{\376\377\000s\000e\000t\000\137\000c\000a\000p\000a\000c\000i\000t\000y\000\137\000v\000o\000i\000d}{subsection.6.8.2}
\BOOKMARK [3][-]{subsubsection.6.8.2.15}{\376\377\000s\000e\000t\000\137\000v\000a\000l\000\137\000c\000a\000p\000\137\000v\000o\000i\000d}{subsection.6.8.2}
\BOOKMARK [3][-]{subsubsection.6.8.2.16}{\376\377\000s\000e\000t\000\137\000v\000a\000l\000\137\000s\000z\000\137\000v\000o\000i\000d}{subsection.6.8.2}
\BOOKMARK [3][-]{subsubsection.6.8.2.17}{\376\377\000v\000e\000c\000\137\000v\000o\000i\000d}{subsection.6.8.2}
\BOOKMARK [3][-]{subsubsection.6.8.2.18}{\376\377\000v\000e\000c\000\137\000v\000o\000i\000d\000\137\000c\000o\000p\000y}{subsection.6.8.2}
\BOOKMARK [3][-]{subsubsection.6.8.2.19}{\376\377\000v\000e\000c\000\137\000v\000o\000i\000d\000\137\000g\000e\000t}{subsection.6.8.2}
\BOOKMARK [3][-]{subsubsection.6.8.2.20}{\376\377\000v\000e\000c\000\137\000v\000o\000i\000d\000\137\000h\000e\000a\000p}{subsection.6.8.2}
\BOOKMARK [2][-]{subsection.6.8.3}{\376\377\000V\000a\000r\000i\000a\000b\000l\000e\000\040\000D\000o\000c\000u\000m\000e\000n\000t\000a\000t\000i\000o\000n}{section.6.8}
\BOOKMARK [3][-]{subsubsection.6.8.3.1}{\376\377\000V\000E\000C\000\137\000S\000T\000A\000R\000T\000\137\000S\000Z}{subsection.6.8.3}
\BOOKMARK [1][-]{section.6.9}{\376\377\000v\000e\000c\000t\000o\000r\000\137\000v\000o\000i\000d\000.\000h\000\040\000F\000i\000l\000e\000\040\000R\000e\000f\000e\000r\000e\000n\000c\000e}{chapter.6}
\BOOKMARK [2][-]{subsection.6.9.1}{\376\377\000T\000y\000p\000e\000d\000e\000f\000\040\000D\000o\000c\000u\000m\000e\000n\000t\000a\000t\000i\000o\000n}{section.6.9}
\BOOKMARK [3][-]{subsubsection.6.9.1.1}{\376\377\000b\000y\000t\000e}{subsection.6.9.1}
\BOOKMARK [2][-]{subsection.6.9.2}{\376\377\000F\000u\000n\000c\000t\000i\000o\000n\000\040\000D\000o\000c\000u\000m\000e\000n\000t\000a\000t\000i\000o\000n}{section.6.9}
\BOOKMARK [3][-]{subsubsection.6.9.2.1}{\376\377\000b\000a\000c\000k\000\137\000v\000o\000i\000d}{subsection.6.9.2}
\BOOKMARK [3][-]{subsubsection.6.9.2.2}{\376\377\000c\000l\000e\000a\000r\000\137\000v\000o\000i\000d}{subsection.6.9.2}
\BOOKMARK [3][-]{subsubsection.6.9.2.3}{\376\377\000e\000r\000a\000s\000e\000\137\000v\000o\000i\000d}{subsection.6.9.2}
\BOOKMARK [3][-]{subsubsection.6.9.2.4}{\376\377\000e\000x\000t\000e\000n\000d\000\137\000v\000o\000i\000d}{subsection.6.9.2}
\BOOKMARK [3][-]{subsubsection.6.9.2.5}{\376\377\000f\000r\000e\000e\000\137\000v\000e\000c\000\137\000v\000o\000i\000d}{subsection.6.9.2}
\BOOKMARK [3][-]{subsubsection.6.9.2.6}{\376\377\000f\000r\000e\000e\000\137\000v\000e\000c\000\137\000v\000o\000i\000d\000\137\000h\000e\000a\000p}{subsection.6.9.2}
\BOOKMARK [3][-]{subsubsection.6.9.2.7}{\376\377\000i\000n\000i\000t\000\137\000v\000e\000c\000\137\000v\000o\000i\000d}{subsection.6.9.2}
\BOOKMARK [3][-]{subsubsection.6.9.2.8}{\376\377\000i\000n\000i\000t\000\137\000v\000e\000c\000\137\000v\000o\000i\000d\000\137\000h\000e\000a\000p}{subsection.6.9.2}
\BOOKMARK [3][-]{subsubsection.6.9.2.9}{\376\377\000i\000n\000s\000e\000r\000t\000\137\000a\000r\000r\000a\000y\000\137\000v\000o\000i\000d}{subsection.6.9.2}
\BOOKMARK [3][-]{subsubsection.6.9.2.10}{\376\377\000i\000n\000s\000e\000r\000t\000\137\000v\000o\000i\000d}{subsection.6.9.2}
\BOOKMARK [3][-]{subsubsection.6.9.2.11}{\376\377\000p\000o\000p\000\137\000v\000o\000i\000d}{subsection.6.9.2}
\BOOKMARK [3][-]{subsubsection.6.9.2.12}{\376\377\000p\000u\000s\000h\000\137\000v\000o\000i\000d}{subsection.6.9.2}
\BOOKMARK [3][-]{subsubsection.6.9.2.13}{\376\377\000r\000e\000s\000e\000r\000v\000e\000\137\000v\000o\000i\000d}{subsection.6.9.2}
\BOOKMARK [3][-]{subsubsection.6.9.2.14}{\376\377\000s\000e\000t\000\137\000c\000a\000p\000a\000c\000i\000t\000y\000\137\000v\000o\000i\000d}{subsection.6.9.2}
\BOOKMARK [3][-]{subsubsection.6.9.2.15}{\376\377\000s\000e\000t\000\137\000v\000a\000l\000\137\000c\000a\000p\000\137\000v\000o\000i\000d}{subsection.6.9.2}
\BOOKMARK [3][-]{subsubsection.6.9.2.16}{\376\377\000s\000e\000t\000\137\000v\000a\000l\000\137\000s\000z\000\137\000v\000o\000i\000d}{subsection.6.9.2}
\BOOKMARK [3][-]{subsubsection.6.9.2.17}{\376\377\000v\000e\000c\000\137\000v\000o\000i\000d}{subsection.6.9.2}
\BOOKMARK [3][-]{subsubsection.6.9.2.18}{\376\377\000v\000e\000c\000\137\000v\000o\000i\000d\000\137\000c\000o\000p\000y}{subsection.6.9.2}
\BOOKMARK [3][-]{subsubsection.6.9.2.19}{\376\377\000v\000e\000c\000\137\000v\000o\000i\000d\000\137\000g\000e\000t}{subsection.6.9.2}
\BOOKMARK [3][-]{subsubsection.6.9.2.20}{\376\377\000v\000e\000c\000\137\000v\000o\000i\000d\000\137\000h\000e\000a\000p}{subsection.6.9.2}
\BOOKMARK [2][-]{subsection.6.9.3}{\376\377\000V\000a\000r\000i\000a\000b\000l\000e\000\040\000D\000o\000c\000u\000m\000e\000n\000t\000a\000t\000i\000o\000n}{section.6.9}
\BOOKMARK [3][-]{subsubsection.6.9.3.1}{\376\377\000V\000E\000C\000\137\000S\000T\000A\000R\000T\000\137\000S\000Z}{subsection.6.9.3}
\BOOKMARK [1][-]{section.6.10}{\376\377\000v\000e\000c\000t\000o\000r\000d\000.\000c\000\040\000F\000i\000l\000e\000\040\000R\000e\000f\000e\000r\000e\000n\000c\000e}{chapter.6}
\BOOKMARK [2][-]{subsection.6.10.1}{\376\377\000D\000e\000f\000i\000n\000e\000\040\000D\000o\000c\000u\000m\000e\000n\000t\000a\000t\000i\000o\000n}{section.6.10}
\BOOKMARK [3][-]{subsubsection.6.10.1.1}{\376\377\000S\000T\000D\000E\000R\000R}{subsection.6.10.1}
\BOOKMARK [3][-]{subsubsection.6.10.1.2}{\376\377\000V\000E\000C\000D\000\137\000A\000L\000L\000O\000C\000A\000T\000O\000R}{subsection.6.10.1}
\BOOKMARK [2][-]{subsection.6.10.2}{\376\377\000F\000u\000n\000c\000t\000i\000o\000n\000\040\000D\000o\000c\000u\000m\000e\000n\000t\000a\000t\000i\000o\000n}{section.6.10}
\BOOKMARK [3][-]{subsubsection.6.10.2.1}{\376\377\000b\000a\000c\000k\000d}{subsection.6.10.2}
\BOOKMARK [3][-]{subsubsection.6.10.2.2}{\376\377\000c\000a\000p\000a\000c\000i\000t\000y\000d}{subsection.6.10.2}
\BOOKMARK [3][-]{subsubsection.6.10.2.3}{\376\377\000c\000l\000e\000a\000r\000d}{subsection.6.10.2}
\BOOKMARK [3][-]{subsubsection.6.10.2.4}{\376\377\000e\000r\000a\000s\000e\000d}{subsection.6.10.2}
\BOOKMARK [3][-]{subsubsection.6.10.2.5}{\376\377\000e\000x\000t\000e\000n\000d\000d}{subsection.6.10.2}
\BOOKMARK [3][-]{subsubsection.6.10.2.6}{\376\377\000f\000r\000e\000e\000\137\000v\000e\000c\000d}{subsection.6.10.2}
\BOOKMARK [3][-]{subsubsection.6.10.2.7}{\376\377\000f\000r\000e\000e\000\137\000v\000e\000c\000d\000\137\000h\000e\000a\000p}{subsection.6.10.2}
\BOOKMARK [3][-]{subsubsection.6.10.2.8}{\376\377\000i\000n\000i\000t\000\137\000v\000e\000c\000\137\000d}{subsection.6.10.2}
\BOOKMARK [3][-]{subsubsection.6.10.2.9}{\376\377\000i\000n\000i\000t\000\137\000v\000e\000c\000\137\000d\000\137\000h\000e\000a\000p}{subsection.6.10.2}
\BOOKMARK [3][-]{subsubsection.6.10.2.10}{\376\377\000i\000n\000s\000e\000r\000t\000\137\000a\000r\000r\000a\000y\000d}{subsection.6.10.2}
\BOOKMARK [3][-]{subsubsection.6.10.2.11}{\376\377\000i\000n\000s\000e\000r\000t\000d}{subsection.6.10.2}
\BOOKMARK [3][-]{subsubsection.6.10.2.12}{\376\377\000p\000o\000p\000\137\000d}{subsection.6.10.2}
\BOOKMARK [3][-]{subsubsection.6.10.2.13}{\376\377\000p\000u\000s\000h\000\137\000d}{subsection.6.10.2}
\BOOKMARK [3][-]{subsubsection.6.10.2.14}{\376\377\000r\000e\000s\000e\000r\000v\000e\000d}{subsection.6.10.2}
\BOOKMARK [3][-]{subsubsection.6.10.2.15}{\376\377\000s\000e\000t\000\137\000c\000a\000p\000a\000c\000i\000t\000y\000d}{subsection.6.10.2}
\BOOKMARK [3][-]{subsubsection.6.10.2.16}{\376\377\000s\000e\000t\000\137\000v\000a\000l\000\137\000c\000a\000p\000d}{subsection.6.10.2}
\BOOKMARK [3][-]{subsubsection.6.10.2.17}{\376\377\000s\000e\000t\000\137\000v\000a\000l\000\137\000s\000z\000d}{subsection.6.10.2}
\BOOKMARK [3][-]{subsubsection.6.10.2.18}{\376\377\000s\000i\000z\000e\000d}{subsection.6.10.2}
\BOOKMARK [3][-]{subsubsection.6.10.2.19}{\376\377\000v\000e\000c\000\137\000d}{subsection.6.10.2}
\BOOKMARK [3][-]{subsubsection.6.10.2.20}{\376\377\000v\000e\000c\000\137\000d\000\137\000h\000e\000a\000p}{subsection.6.10.2}
\BOOKMARK [3][-]{subsubsection.6.10.2.21}{\376\377\000v\000e\000c\000d\000\137\000c\000o\000p\000y}{subsection.6.10.2}
\BOOKMARK [2][-]{subsection.6.10.3}{\376\377\000V\000a\000r\000i\000a\000b\000l\000e\000\040\000D\000o\000c\000u\000m\000e\000n\000t\000a\000t\000i\000o\000n}{section.6.10}
\BOOKMARK [3][-]{subsubsection.6.10.3.1}{\376\377\000V\000E\000C\000\137\000D\000\137\000S\000T\000A\000R\000T\000\137\000S\000Z}{subsection.6.10.3}
\BOOKMARK [1][-]{section.6.11}{\376\377\000v\000e\000c\000t\000o\000r\000d\000.\000h\000\040\000F\000i\000l\000e\000\040\000R\000e\000f\000e\000r\000e\000n\000c\000e}{chapter.6}
\BOOKMARK [2][-]{subsection.6.11.1}{\376\377\000F\000u\000n\000c\000t\000i\000o\000n\000\040\000D\000o\000c\000u\000m\000e\000n\000t\000a\000t\000i\000o\000n}{section.6.11}
\BOOKMARK [3][-]{subsubsection.6.11.1.1}{\376\377\000b\000a\000c\000k\000d}{subsection.6.11.1}
\BOOKMARK [3][-]{subsubsection.6.11.1.2}{\376\377\000c\000l\000e\000a\000r\000d}{subsection.6.11.1}
\BOOKMARK [3][-]{subsubsection.6.11.1.3}{\376\377\000e\000r\000a\000s\000e\000d}{subsection.6.11.1}
\BOOKMARK [3][-]{subsubsection.6.11.1.4}{\376\377\000e\000x\000t\000e\000n\000d\000d}{subsection.6.11.1}
\BOOKMARK [3][-]{subsubsection.6.11.1.5}{\376\377\000f\000r\000e\000e\000\137\000v\000e\000c\000d}{subsection.6.11.1}
\BOOKMARK [3][-]{subsubsection.6.11.1.6}{\376\377\000f\000r\000e\000e\000\137\000v\000e\000c\000d\000\137\000h\000e\000a\000p}{subsection.6.11.1}
\BOOKMARK [3][-]{subsubsection.6.11.1.7}{\376\377\000i\000n\000i\000t\000\137\000v\000e\000c\000\137\000d}{subsection.6.11.1}
\BOOKMARK [3][-]{subsubsection.6.11.1.8}{\376\377\000i\000n\000i\000t\000\137\000v\000e\000c\000\137\000d\000\137\000h\000e\000a\000p}{subsection.6.11.1}
\BOOKMARK [3][-]{subsubsection.6.11.1.9}{\376\377\000i\000n\000s\000e\000r\000t\000\137\000a\000r\000r\000a\000y\000d}{subsection.6.11.1}
\BOOKMARK [3][-]{subsubsection.6.11.1.10}{\376\377\000i\000n\000s\000e\000r\000t\000d}{subsection.6.11.1}
\BOOKMARK [3][-]{subsubsection.6.11.1.11}{\376\377\000p\000o\000p\000\137\000d}{subsection.6.11.1}
\BOOKMARK [3][-]{subsubsection.6.11.1.12}{\376\377\000p\000u\000s\000h\000\137\000d}{subsection.6.11.1}
\BOOKMARK [3][-]{subsubsection.6.11.1.13}{\376\377\000r\000e\000s\000e\000r\000v\000e\000d}{subsection.6.11.1}
\BOOKMARK [3][-]{subsubsection.6.11.1.14}{\376\377\000s\000e\000t\000\137\000c\000a\000p\000a\000c\000i\000t\000y\000d}{subsection.6.11.1}
\BOOKMARK [3][-]{subsubsection.6.11.1.15}{\376\377\000s\000e\000t\000\137\000v\000a\000l\000\137\000c\000a\000p\000d}{subsection.6.11.1}
\BOOKMARK [3][-]{subsubsection.6.11.1.16}{\376\377\000s\000e\000t\000\137\000v\000a\000l\000\137\000s\000z\000d}{subsection.6.11.1}
\BOOKMARK [3][-]{subsubsection.6.11.1.17}{\376\377\000v\000e\000c\000\137\000d}{subsection.6.11.1}
\BOOKMARK [3][-]{subsubsection.6.11.1.18}{\376\377\000v\000e\000c\000\137\000d\000\137\000h\000e\000a\000p}{subsection.6.11.1}
\BOOKMARK [3][-]{subsubsection.6.11.1.19}{\376\377\000v\000e\000c\000d\000\137\000c\000o\000p\000y}{subsection.6.11.1}
\BOOKMARK [2][-]{subsection.6.11.2}{\376\377\000V\000a\000r\000i\000a\000b\000l\000e\000\040\000D\000o\000c\000u\000m\000e\000n\000t\000a\000t\000i\000o\000n}{section.6.11}
\BOOKMARK [3][-]{subsubsection.6.11.2.1}{\376\377\000V\000E\000C\000\137\000D\000\137\000S\000T\000A\000R\000T\000\137\000S\000Z}{subsection.6.11.2}
\BOOKMARK [1][-]{section.6.12}{\376\377\000v\000e\000c\000t\000o\000r\000i\000.\000c\000\040\000F\000i\000l\000e\000\040\000R\000e\000f\000e\000r\000e\000n\000c\000e}{chapter.6}
\BOOKMARK [2][-]{subsection.6.12.1}{\376\377\000D\000e\000f\000i\000n\000e\000\040\000D\000o\000c\000u\000m\000e\000n\000t\000a\000t\000i\000o\000n}{section.6.12}
\BOOKMARK [3][-]{subsubsection.6.12.1.1}{\376\377\000S\000T\000D\000E\000R\000R}{subsection.6.12.1}
\BOOKMARK [3][-]{subsubsection.6.12.1.2}{\376\377\000V\000E\000C\000I\000\137\000A\000L\000L\000O\000C\000A\000T\000O\000R}{subsection.6.12.1}
\BOOKMARK [2][-]{subsection.6.12.2}{\376\377\000F\000u\000n\000c\000t\000i\000o\000n\000\040\000D\000o\000c\000u\000m\000e\000n\000t\000a\000t\000i\000o\000n}{section.6.12}
\BOOKMARK [3][-]{subsubsection.6.12.2.1}{\376\377\000b\000a\000c\000k\000i}{subsection.6.12.2}
\BOOKMARK [3][-]{subsubsection.6.12.2.2}{\376\377\000c\000l\000e\000a\000r\000i}{subsection.6.12.2}
\BOOKMARK [3][-]{subsubsection.6.12.2.3}{\376\377\000e\000r\000a\000s\000e\000i}{subsection.6.12.2}
\BOOKMARK [3][-]{subsubsection.6.12.2.4}{\376\377\000e\000x\000t\000e\000n\000d\000i}{subsection.6.12.2}
\BOOKMARK [3][-]{subsubsection.6.12.2.5}{\376\377\000f\000r\000e\000e\000\137\000v\000e\000c\000i}{subsection.6.12.2}
\BOOKMARK [3][-]{subsubsection.6.12.2.6}{\376\377\000f\000r\000e\000e\000\137\000v\000e\000c\000i\000\137\000h\000e\000a\000p}{subsection.6.12.2}
\BOOKMARK [3][-]{subsubsection.6.12.2.7}{\376\377\000i\000n\000i\000t\000\137\000v\000e\000c\000\137\000i}{subsection.6.12.2}
\BOOKMARK [3][-]{subsubsection.6.12.2.8}{\376\377\000i\000n\000i\000t\000\137\000v\000e\000c\000\137\000i\000\137\000h\000e\000a\000p}{subsection.6.12.2}
\BOOKMARK [3][-]{subsubsection.6.12.2.9}{\376\377\000i\000n\000s\000e\000r\000t\000\137\000a\000r\000r\000a\000y\000i}{subsection.6.12.2}
\BOOKMARK [3][-]{subsubsection.6.12.2.10}{\376\377\000i\000n\000s\000e\000r\000t\000i}{subsection.6.12.2}
\BOOKMARK [3][-]{subsubsection.6.12.2.11}{\376\377\000p\000o\000p\000\137\000i}{subsection.6.12.2}
\BOOKMARK [3][-]{subsubsection.6.12.2.12}{\376\377\000p\000u\000s\000h\000\137\000i}{subsection.6.12.2}
\BOOKMARK [3][-]{subsubsection.6.12.2.13}{\376\377\000r\000e\000s\000e\000r\000v\000e\000i}{subsection.6.12.2}
\BOOKMARK [3][-]{subsubsection.6.12.2.14}{\376\377\000s\000e\000t\000\137\000c\000a\000p\000a\000c\000i\000t\000y\000i}{subsection.6.12.2}
\BOOKMARK [3][-]{subsubsection.6.12.2.15}{\376\377\000s\000e\000t\000\137\000v\000a\000l\000\137\000c\000a\000p\000i}{subsection.6.12.2}
\BOOKMARK [3][-]{subsubsection.6.12.2.16}{\376\377\000s\000e\000t\000\137\000v\000a\000l\000\137\000s\000z\000i}{subsection.6.12.2}
\BOOKMARK [3][-]{subsubsection.6.12.2.17}{\376\377\000v\000e\000c\000\137\000i}{subsection.6.12.2}
\BOOKMARK [3][-]{subsubsection.6.12.2.18}{\376\377\000v\000e\000c\000\137\000i\000\137\000h\000e\000a\000p}{subsection.6.12.2}
\BOOKMARK [3][-]{subsubsection.6.12.2.19}{\376\377\000v\000e\000c\000i\000\137\000c\000o\000p\000y}{subsection.6.12.2}
\BOOKMARK [2][-]{subsection.6.12.3}{\376\377\000V\000a\000r\000i\000a\000b\000l\000e\000\040\000D\000o\000c\000u\000m\000e\000n\000t\000a\000t\000i\000o\000n}{section.6.12}
\BOOKMARK [3][-]{subsubsection.6.12.3.1}{\376\377\000V\000E\000C\000\137\000I\000\137\000S\000T\000A\000R\000T\000\137\000S\000Z}{subsection.6.12.3}
\BOOKMARK [1][-]{section.6.13}{\376\377\000v\000e\000c\000t\000o\000r\000i\000.\000h\000\040\000F\000i\000l\000e\000\040\000R\000e\000f\000e\000r\000e\000n\000c\000e}{chapter.6}
\BOOKMARK [2][-]{subsection.6.13.1}{\376\377\000F\000u\000n\000c\000t\000i\000o\000n\000\040\000D\000o\000c\000u\000m\000e\000n\000t\000a\000t\000i\000o\000n}{section.6.13}
\BOOKMARK [3][-]{subsubsection.6.13.1.1}{\376\377\000b\000a\000c\000k\000i}{subsection.6.13.1}
\BOOKMARK [3][-]{subsubsection.6.13.1.2}{\376\377\000c\000l\000e\000a\000r\000i}{subsection.6.13.1}
\BOOKMARK [3][-]{subsubsection.6.13.1.3}{\376\377\000e\000r\000a\000s\000e\000i}{subsection.6.13.1}
\BOOKMARK [3][-]{subsubsection.6.13.1.4}{\376\377\000e\000x\000t\000e\000n\000d\000i}{subsection.6.13.1}
\BOOKMARK [3][-]{subsubsection.6.13.1.5}{\376\377\000f\000r\000e\000e\000\137\000v\000e\000c\000i}{subsection.6.13.1}
\BOOKMARK [3][-]{subsubsection.6.13.1.6}{\376\377\000f\000r\000e\000e\000\137\000v\000e\000c\000i\000\137\000h\000e\000a\000p}{subsection.6.13.1}
\BOOKMARK [3][-]{subsubsection.6.13.1.7}{\376\377\000i\000n\000i\000t\000\137\000v\000e\000c\000\137\000i}{subsection.6.13.1}
\BOOKMARK [3][-]{subsubsection.6.13.1.8}{\376\377\000i\000n\000i\000t\000\137\000v\000e\000c\000\137\000i\000\137\000h\000e\000a\000p}{subsection.6.13.1}
\BOOKMARK [3][-]{subsubsection.6.13.1.9}{\376\377\000i\000n\000s\000e\000r\000t\000\137\000a\000r\000r\000a\000y\000i}{subsection.6.13.1}
\BOOKMARK [3][-]{subsubsection.6.13.1.10}{\376\377\000i\000n\000s\000e\000r\000t\000i}{subsection.6.13.1}
\BOOKMARK [3][-]{subsubsection.6.13.1.11}{\376\377\000p\000o\000p\000\137\000i}{subsection.6.13.1}
\BOOKMARK [3][-]{subsubsection.6.13.1.12}{\376\377\000p\000u\000s\000h\000\137\000i}{subsection.6.13.1}
\BOOKMARK [3][-]{subsubsection.6.13.1.13}{\376\377\000r\000e\000s\000e\000r\000v\000e\000i}{subsection.6.13.1}
\BOOKMARK [3][-]{subsubsection.6.13.1.14}{\376\377\000s\000e\000t\000\137\000c\000a\000p\000a\000c\000i\000t\000y\000i}{subsection.6.13.1}
\BOOKMARK [3][-]{subsubsection.6.13.1.15}{\376\377\000s\000e\000t\000\137\000v\000a\000l\000\137\000c\000a\000p\000i}{subsection.6.13.1}
\BOOKMARK [3][-]{subsubsection.6.13.1.16}{\376\377\000s\000e\000t\000\137\000v\000a\000l\000\137\000s\000z\000i}{subsection.6.13.1}
\BOOKMARK [3][-]{subsubsection.6.13.1.17}{\376\377\000v\000e\000c\000\137\000i}{subsection.6.13.1}
\BOOKMARK [3][-]{subsubsection.6.13.1.18}{\376\377\000v\000e\000c\000\137\000i\000\137\000h\000e\000a\000p}{subsection.6.13.1}
\BOOKMARK [3][-]{subsubsection.6.13.1.19}{\376\377\000v\000e\000c\000i\000\137\000c\000o\000p\000y}{subsection.6.13.1}
\BOOKMARK [2][-]{subsection.6.13.2}{\376\377\000V\000a\000r\000i\000a\000b\000l\000e\000\040\000D\000o\000c\000u\000m\000e\000n\000t\000a\000t\000i\000o\000n}{section.6.13}
\BOOKMARK [3][-]{subsubsection.6.13.2.1}{\376\377\000V\000E\000C\000\137\000I\000\137\000S\000T\000A\000R\000T\000\137\000S\000Z}{subsection.6.13.2}
\BOOKMARK [1][-]{section.6.14}{\376\377\000v\000e\000c\000t\000o\000r\000s\000t\000r\000.\000c\000\040\000F\000i\000l\000e\000\040\000R\000e\000f\000e\000r\000e\000n\000c\000e}{chapter.6}
\BOOKMARK [2][-]{subsection.6.14.1}{\376\377\000D\000e\000f\000i\000n\000e\000\040\000D\000o\000c\000u\000m\000e\000n\000t\000a\000t\000i\000o\000n}{section.6.14}
\BOOKMARK [3][-]{subsubsection.6.14.1.1}{\376\377\000S\000T\000D\000E\000R\000R}{subsection.6.14.1}
\BOOKMARK [3][-]{subsubsection.6.14.1.2}{\376\377\000V\000E\000C\000\137\000S\000T\000R\000\137\000A\000L\000L\000O\000C\000A\000T\000O\000R}{subsection.6.14.1}
\BOOKMARK [2][-]{subsection.6.14.2}{\376\377\000F\000u\000n\000c\000t\000i\000o\000n\000\040\000D\000o\000c\000u\000m\000e\000n\000t\000a\000t\000i\000o\000n}{section.6.14}
\BOOKMARK [3][-]{subsubsection.6.14.2.1}{\376\377\000b\000a\000c\000k\000\137\000s\000t\000r}{subsection.6.14.2}
\BOOKMARK [3][-]{subsubsection.6.14.2.2}{\376\377\000c\000l\000e\000a\000r\000\137\000s\000t\000r}{subsection.6.14.2}
\BOOKMARK [3][-]{subsubsection.6.14.2.3}{\376\377\000e\000r\000a\000s\000e\000\137\000s\000t\000r}{subsection.6.14.2}
\BOOKMARK [3][-]{subsubsection.6.14.2.4}{\376\377\000e\000x\000t\000e\000n\000d\000\137\000s\000t\000r}{subsection.6.14.2}
\BOOKMARK [3][-]{subsubsection.6.14.2.5}{\376\377\000f\000r\000e\000e\000\137\000v\000e\000c\000\137\000s\000t\000r}{subsection.6.14.2}
\BOOKMARK [3][-]{subsubsection.6.14.2.6}{\376\377\000f\000r\000e\000e\000\137\000v\000e\000c\000\137\000s\000t\000r\000\137\000h\000e\000a\000p}{subsection.6.14.2}
\BOOKMARK [3][-]{subsubsection.6.14.2.7}{\376\377\000i\000n\000i\000t\000\137\000v\000e\000c\000\137\000s\000t\000r}{subsection.6.14.2}
\BOOKMARK [3][-]{subsubsection.6.14.2.8}{\376\377\000i\000n\000i\000t\000\137\000v\000e\000c\000\137\000s\000t\000r\000\137\000h\000e\000a\000p}{subsection.6.14.2}
\BOOKMARK [3][-]{subsubsection.6.14.2.9}{\376\377\000i\000n\000s\000e\000r\000t\000\137\000a\000r\000r\000a\000y\000\137\000s\000t\000r}{subsection.6.14.2}
\BOOKMARK [3][-]{subsubsection.6.14.2.10}{\376\377\000i\000n\000s\000e\000r\000t\000\137\000s\000t\000r}{subsection.6.14.2}
\BOOKMARK [3][-]{subsubsection.6.14.2.11}{\376\377\000m\000y\000s\000t\000r\000d\000u\000p}{subsection.6.14.2}
\BOOKMARK [3][-]{subsubsection.6.14.2.12}{\376\377\000p\000o\000p\000\137\000s\000t\000r}{subsection.6.14.2}
\BOOKMARK [3][-]{subsubsection.6.14.2.13}{\376\377\000p\000u\000s\000h\000\137\000s\000t\000r}{subsection.6.14.2}
\BOOKMARK [3][-]{subsubsection.6.14.2.14}{\376\377\000r\000e\000s\000e\000r\000v\000e\000\137\000s\000t\000r}{subsection.6.14.2}
\BOOKMARK [3][-]{subsubsection.6.14.2.15}{\376\377\000s\000e\000t\000\137\000c\000a\000p\000a\000c\000i\000t\000y\000\137\000s\000t\000r}{subsection.6.14.2}
\BOOKMARK [3][-]{subsubsection.6.14.2.16}{\376\377\000s\000e\000t\000\137\000v\000a\000l\000\137\000c\000a\000p\000\137\000s\000t\000r}{subsection.6.14.2}
\BOOKMARK [3][-]{subsubsection.6.14.2.17}{\376\377\000s\000e\000t\000\137\000v\000a\000l\000\137\000s\000z\000\137\000s\000t\000r}{subsection.6.14.2}
\BOOKMARK [3][-]{subsubsection.6.14.2.18}{\376\377\000v\000e\000c\000\137\000s\000t\000r}{subsection.6.14.2}
\BOOKMARK [3][-]{subsubsection.6.14.2.19}{\376\377\000v\000e\000c\000\137\000s\000t\000r\000\137\000c\000o\000p\000y}{subsection.6.14.2}
\BOOKMARK [3][-]{subsubsection.6.14.2.20}{\376\377\000v\000e\000c\000\137\000s\000t\000r\000\137\000h\000e\000a\000p}{subsection.6.14.2}
\BOOKMARK [2][-]{subsection.6.14.3}{\376\377\000V\000a\000r\000i\000a\000b\000l\000e\000\040\000D\000o\000c\000u\000m\000e\000n\000t\000a\000t\000i\000o\000n}{section.6.14}
\BOOKMARK [3][-]{subsubsection.6.14.3.1}{\376\377\000V\000E\000C\000\137\000S\000T\000R\000\137\000S\000T\000A\000R\000T\000\137\000S\000Z}{subsection.6.14.3}
\BOOKMARK [1][-]{section.6.15}{\376\377\000v\000e\000c\000t\000o\000r\000s\000t\000r\000.\000h\000\040\000F\000i\000l\000e\000\040\000R\000e\000f\000e\000r\000e\000n\000c\000e}{chapter.6}
\BOOKMARK [2][-]{subsection.6.15.1}{\376\377\000F\000u\000n\000c\000t\000i\000o\000n\000\040\000D\000o\000c\000u\000m\000e\000n\000t\000a\000t\000i\000o\000n}{section.6.15}
\BOOKMARK [3][-]{subsubsection.6.15.1.1}{\376\377\000b\000a\000c\000k\000\137\000s\000t\000r}{subsection.6.15.1}
\BOOKMARK [3][-]{subsubsection.6.15.1.2}{\376\377\000c\000l\000e\000a\000r\000\137\000s\000t\000r}{subsection.6.15.1}
\BOOKMARK [3][-]{subsubsection.6.15.1.3}{\376\377\000e\000r\000a\000s\000e\000\137\000s\000t\000r}{subsection.6.15.1}
\BOOKMARK [3][-]{subsubsection.6.15.1.4}{\376\377\000e\000x\000t\000e\000n\000d\000\137\000s\000t\000r}{subsection.6.15.1}
\BOOKMARK [3][-]{subsubsection.6.15.1.5}{\376\377\000f\000r\000e\000e\000\137\000v\000e\000c\000\137\000s\000t\000r}{subsection.6.15.1}
\BOOKMARK [3][-]{subsubsection.6.15.1.6}{\376\377\000f\000r\000e\000e\000\137\000v\000e\000c\000\137\000s\000t\000r\000\137\000h\000e\000a\000p}{subsection.6.15.1}
\BOOKMARK [3][-]{subsubsection.6.15.1.7}{\376\377\000i\000n\000i\000t\000\137\000v\000e\000c\000\137\000s\000t\000r}{subsection.6.15.1}
\BOOKMARK [3][-]{subsubsection.6.15.1.8}{\376\377\000i\000n\000i\000t\000\137\000v\000e\000c\000\137\000s\000t\000r\000\137\000h\000e\000a\000p}{subsection.6.15.1}
\BOOKMARK [3][-]{subsubsection.6.15.1.9}{\376\377\000i\000n\000s\000e\000r\000t\000\137\000a\000r\000r\000a\000y\000\137\000s\000t\000r}{subsection.6.15.1}
\BOOKMARK [3][-]{subsubsection.6.15.1.10}{\376\377\000i\000n\000s\000e\000r\000t\000\137\000s\000t\000r}{subsection.6.15.1}
\BOOKMARK [3][-]{subsubsection.6.15.1.11}{\376\377\000m\000y\000s\000t\000r\000d\000u\000p}{subsection.6.15.1}
\BOOKMARK [3][-]{subsubsection.6.15.1.12}{\376\377\000p\000o\000p\000\137\000s\000t\000r}{subsection.6.15.1}
\BOOKMARK [3][-]{subsubsection.6.15.1.13}{\376\377\000p\000u\000s\000h\000\137\000s\000t\000r}{subsection.6.15.1}
\BOOKMARK [3][-]{subsubsection.6.15.1.14}{\376\377\000r\000e\000s\000e\000r\000v\000e\000\137\000s\000t\000r}{subsection.6.15.1}
\BOOKMARK [3][-]{subsubsection.6.15.1.15}{\376\377\000s\000e\000t\000\137\000c\000a\000p\000a\000c\000i\000t\000y\000\137\000s\000t\000r}{subsection.6.15.1}
\BOOKMARK [3][-]{subsubsection.6.15.1.16}{\376\377\000s\000e\000t\000\137\000v\000a\000l\000\137\000c\000a\000p\000\137\000s\000t\000r}{subsection.6.15.1}
\BOOKMARK [3][-]{subsubsection.6.15.1.17}{\376\377\000s\000e\000t\000\137\000v\000a\000l\000\137\000s\000z\000\137\000s\000t\000r}{subsection.6.15.1}
\BOOKMARK [3][-]{subsubsection.6.15.1.18}{\376\377\000v\000e\000c\000\137\000s\000t\000r}{subsection.6.15.1}
\BOOKMARK [3][-]{subsubsection.6.15.1.19}{\376\377\000v\000e\000c\000\137\000s\000t\000r\000\137\000c\000o\000p\000y}{subsection.6.15.1}
\BOOKMARK [3][-]{subsubsection.6.15.1.20}{\376\377\000v\000e\000c\000\137\000s\000t\000r\000\137\000h\000e\000a\000p}{subsection.6.15.1}
\BOOKMARK [2][-]{subsection.6.15.2}{\376\377\000V\000a\000r\000i\000a\000b\000l\000e\000\040\000D\000o\000c\000u\000m\000e\000n\000t\000a\000t\000i\000o\000n}{section.6.15}
\BOOKMARK [3][-]{subsubsection.6.15.2.1}{\376\377\000V\000E\000C\000\137\000S\000T\000R\000\137\000S\000T\000A\000R\000T\000\137\000S\000Z}{subsection.6.15.2}
